<?xml version="1.0" encoding="UTF-8"?>
<testng-results skipped="0" failed="2" total="2" passed="0">
  <reporter-output>
    <line>
      <![CDATA[Sign Up Page Test Fields are :Fname,Lname,Location,City,Email,Password,Confirm Pwd, Plan]]>
    </line>
  </reporter-output>
  <suite name="Default suite" duration-ms="1040" started-at="2016-07-31T05:53:01Z" finished-at="2016-07-31T05:53:02Z">
    <groups>
    </groups>
    <test name="Default test" duration-ms="1040" started-at="2016-07-31T05:53:01Z" finished-at="2016-07-31T05:53:02Z">
      <class name="com.quotations.NewQuotation">
        <test-method status="PASS" signature="beforeSuite()[pri:0, instance:com.quotations.NewQuotation@2b98378d]" name="beforeSuite" is-config="true" duration-ms="2794" started-at="2016-07-31T13:52:59Z" finished-at="2016-07-31T13:53:01Z">
          <reporter-output>
          </reporter-output>
        </test-method> <!-- beforeSuite -->
        <test-method status="PASS" signature="beforeSignUp()[pri:0, instance:com.quotations.NewQuotation@2b98378d]" name="beforeSignUp" is-config="true" duration-ms="222" started-at="2016-07-31T13:53:01Z" finished-at="2016-07-31T13:53:02Z">
          <reporter-output>
            <line>
              <![CDATA[Sign Up Page Test Fields are :Fname,Lname,Location,City,Email,Password,Confirm Pwd, Plan]]>
            </line>
          </reporter-output>
        </test-method> <!-- beforeSignUp -->
        <test-method status="FAIL" signature="LoginTest(java.lang.String, java.lang.String, java.lang.String, java.lang.String, java.lang.String, java.lang.String, java.lang.String, java.lang.String, java.lang.String, java.lang.String, java.lang.String, java.lang.String, java.lang.String, java.lang.String, java.lang.String, java.lang.String, java.lang.String, java.lang.String, java.lang.String, java.lang.String, java.lang.String, java.lang.String, java.lang.String, java.lang.String, java.lang.String, java.lang.String, java.lang.String, java.lang.String, java.lang.String, java.lang.String, java.lang.String, java.lang.String, java.lang.String, java.lang.String, java.lang.String, java.lang.String, java.lang.String, java.lang.String, java.lang.String, java.lang.String, java.lang.String, java.lang.String, java.lang.String, java.lang.String, java.lang.String, java.lang.String, java.lang.String, java.lang.String, java.lang.String, java.lang.String, java.lang.String, java.lang.String, java.lang.String, java.lang.String, java.lang.String, java.lang.String, java.lang.String)[pri:0, instance:com.quotations.NewQuotation@2b98378d]" name="LoginTest" duration-ms="731" started-at="2016-07-31T13:53:02Z" data-provider="dp1" finished-at="2016-07-31T13:53:02Z">
          <params>
            <param index="0">
              <value>
                <![CDATA[1.0]]>
              </value>
            </param>
            <param index="1">
              <value>
                <![CDATA[external]]>
              </value>
            </param>
            <param index="2">
              <value>
                <![CDATA[24419001]]>
              </value>
            </param>
            <param index="3">
              <value>
                <![CDATA[Pasword@3]]>
              </value>
            </param>
            <param index="4">
              <value>
                <![CDATA[Private Car]]>
              </value>
            </param>
            <param index="5">
              <value>
                <![CDATA[Comprehensive]]>
              </value>
            </param>
            <param index="6">
              <value>
                <![CDATA[09445]]>
              </value>
            </param>
            <param index="7">
              <value>
                <![CDATA[Registered Car]]>
              </value>
            </param>
            <param index="8">
              <value>
                <![CDATA[Private Car-Private Use]]>
              </value>
            </param>
            <param index="9">
              <value>
                <![CDATA[KIA]]>
              </value>
            </param>
            <param index="10">
              <value>
                <![CDATA[SEPHIA]]>
              </value>
            </param>
            <param index="11">
              <value>
                <![CDATA[KIA SPORTAGE 2.0i A ModelChang]]>
              </value>
            </param>
            <param index="12">
              <value>
                <![CDATA[2010]]>
              </value>
            </param>
            <param index="13">
              <value>
                <![CDATA[1998]]>
              </value>
            </param>
            <param index="14">
              <value>
                <![CDATA[ABCDEFG]]>
              </value>
            </param>
            <param index="15">
              <value>
                <![CDATA[dsfds]]>
              </value>
            </param>
            <param index="16">
              <value>
                <![CDATA[West Malaysia]]>
              </value>
            </param>
            <param index="17">
              <value>
                <![CDATA[5]]>
              </value>
            </param>
            <param index="18">
              <value>
                <![CDATA[74900]]>
              </value>
            </param>
            <param index="19">
              <value>
                <![CDATA[Johor]]>
              </value>
            </param>
            <param index="20">
              <value>
                <![CDATA[ABC3746]]>
              </value>
            </param>
            <param index="21">
              <value>
                <![CDATA[DEF7464]]>
              </value>
            </param>
            <param index="22">
              <value>
                <![CDATA[Individual]]>
              </value>
            </param>
            <param index="23">
              <value>
                <![CDATA[Yes]]>
              </value>
            </param>
            <param index="24">
              <value>
                <![CDATA[GSHER73645]]>
              </value>
            </param>
            <param index="25">
              <value>
                <![CDATA[JSHYE345]]>
              </value>
            </param>
            <param index="26">
              <value>
                <![CDATA[Feb]]>
              </value>
            </param>
            <param index="27">
              <value>
                <![CDATA[12]]>
              </value>
            </param>
            <param index="28">
              <value>
                <![CDATA[1974]]>
              </value>
            </param>
            <param index="29">
              <value>
                <![CDATA[Yes]]>
              </value>
            </param>
            <param index="30">
              <value>
                <![CDATA[10]]>
              </value>
            </param>
            <param index="31">
              <value>
                <![CDATA[No]]>
              </value>
            </param>
            <param index="32">
              <value>
                <![CDATA[0]]>
              </value>
            </param>
            <param index="33">
              <value>
                <![CDATA[0]]>
              </value>
            </param>
            <param index="34">
              <value>
                <![CDATA[0]]>
              </value>
            </param>
            <param index="35">
              <value>
                <![CDATA[0]]>
              </value>
            </param>
            <param index="36">
              <value>
                <![CDATA[Jul]]>
              </value>
            </param>
            <param index="37">
              <value>
                <![CDATA[24]]>
              </value>
            </param>
            <param index="38">
              <value>
                <![CDATA[2016]]>
              </value>
            </param>
            <param index="39">
              <value>
                <![CDATA[CABRIOLET]]>
              </value>
            </param>
            <param index="40">
              <value>
                <![CDATA[123423]]>
              </value>
            </param>
            <param index="41">
              <value>
                <![CDATA[Parking Lot - Covered]]>
              </value>
            </param>
            <param index="42">
              <value>
                <![CDATA[Driver's Side Airbags(1)]]>
              </value>
            </param>
            <param index="43">
              <value>
                <![CDATA[(B) Alarm with Immobiliser]]>
              </value>
            </param>
            <param index="44">
              <value>
                <![CDATA[Male]]>
              </value>
            </param>
            <param index="45">
              <value>
                <![CDATA[MARRIED]]>
              </value>
            </param>
            <param index="46">
              <value>
                <![CDATA[Company Director]]>
              </value>
            </param>
            <param index="47">
              <value>
                <![CDATA[Andrew ]]>
              </value>
            </param>
            <param index="48">
              <value>
                <![CDATA[Andrew John]]>
              </value>
            </param>
            <param index="49">
              <value>
                <![CDATA[3421345432]]>
              </value>
            </param>
            <param index="50">
              <value>
                <![CDATA[andrew@gmail.com]]>
              </value>
            </param>
            <param index="51">
              <value>
                <![CDATA[23456]]>
              </value>
            </param>
            <param index="52">
              <value>
                <![CDATA[MALAYSIA]]>
              </value>
            </param>
            <param index="53">
              <value>
                <![CDATA[JOHOR]]>
              </value>
            </param>
            <param index="54">
              <value>
                <![CDATA[Johor State]]>
              </value>
            </param>
            <param index="55">
              <value>
                <![CDATA[Street1]]>
              </value>
            </param>
            <param index="56">
              <value>
                <![CDATA[Block1]]>
              </value>
            </param>
          </params>
          <exception class="org.openqa.selenium.NoSuchWindowException">
            <message>
              <![CDATA[no such window: target window already closed
from unknown error: web view not found
  (Session info: chrome=51.0.2704.106)
  (Driver info: chromedriver=2.21.371459 (36d3d07f660ff2bc1bf28a75d1cdabed0983e7c4),platform=Windows NT 10.0 x86_64) (WARNING: The server did not provide any stacktrace information)
Command duration or timeout: 5 milliseconds
Build info: version: '2.45.0', revision: '5017cb8e7ca8e37638dc3091b2440b90a1d8686f', time: '2015-02-27 09:10:26'
System info: host: 'user-PC', ip: '192.168.1.113', os.name: 'Windows 10', os.arch: 'amd64', os.version: '10.0', java.version: '1.8.0_91'
Driver info: org.openqa.selenium.chrome.ChromeDriver
Capabilities [{applicationCacheEnabled=false, rotatable=false, mobileEmulationEnabled=false, chrome={chromedriverVersion=2.21.371459 (36d3d07f660ff2bc1bf28a75d1cdabed0983e7c4), userDataDir=C:\temp\scoped_dir3924_8319}, takesHeapSnapshot=true, databaseEnabled=false, handlesAlerts=true, hasTouchScreen=false, version=51.0.2704.106, platform=XP, browserConnectionEnabled=false, nativeEvents=true, acceptSslCerts=true, locationContextEnabled=true, webStorageEnabled=true, browserName=chrome, takesScreenshot=true, javascriptEnabled=true, cssSelectorsEnabled=true}]
Session ID: adcc459b11486e963f446a94f4161dc6
*** Element info: {Using=xpath, value=//*[@name='USER']}]]>
            </message>
            <full-stacktrace>
              <![CDATA[org.openqa.selenium.NoSuchWindowException: no such window: target window already closed
from unknown error: web view not found
  (Session info: chrome=51.0.2704.106)
  (Driver info: chromedriver=2.21.371459 (36d3d07f660ff2bc1bf28a75d1cdabed0983e7c4),platform=Windows NT 10.0 x86_64) (WARNING: The server did not provide any stacktrace information)
Command duration or timeout: 5 milliseconds
Build info: version: '2.45.0', revision: '5017cb8e7ca8e37638dc3091b2440b90a1d8686f', time: '2015-02-27 09:10:26'
System info: host: 'user-PC', ip: '192.168.1.113', os.name: 'Windows 10', os.arch: 'amd64', os.version: '10.0', java.version: '1.8.0_91'
Driver info: org.openqa.selenium.chrome.ChromeDriver
Capabilities [{applicationCacheEnabled=false, rotatable=false, mobileEmulationEnabled=false, chrome={chromedriverVersion=2.21.371459 (36d3d07f660ff2bc1bf28a75d1cdabed0983e7c4), userDataDir=C:\temp\scoped_dir3924_8319}, takesHeapSnapshot=true, databaseEnabled=false, handlesAlerts=true, hasTouchScreen=false, version=51.0.2704.106, platform=XP, browserConnectionEnabled=false, nativeEvents=true, acceptSslCerts=true, locationContextEnabled=true, webStorageEnabled=true, browserName=chrome, takesScreenshot=true, javascriptEnabled=true, cssSelectorsEnabled=true}]
Session ID: adcc459b11486e963f446a94f4161dc6
*** Element info: {Using=xpath, value=//*[@name='USER']}
	at sun.reflect.NativeConstructorAccessorImpl.newInstance0(Native Method)
	at sun.reflect.NativeConstructorAccessorImpl.newInstance(Unknown Source)
	at sun.reflect.DelegatingConstructorAccessorImpl.newInstance(Unknown Source)
	at java.lang.reflect.Constructor.newInstance(Unknown Source)
	at org.openqa.selenium.remote.ErrorHandler.createThrowable(ErrorHandler.java:204)
	at org.openqa.selenium.remote.ErrorHandler.throwIfResponseFailed(ErrorHandler.java:156)
	at org.openqa.selenium.remote.RemoteWebDriver.execute(RemoteWebDriver.java:599)
	at org.openqa.selenium.remote.RemoteWebDriver.findElement(RemoteWebDriver.java:352)
	at org.openqa.selenium.remote.RemoteWebDriver.findElementByXPath(RemoteWebDriver.java:449)
	at org.openqa.selenium.By$ByXPath.findElement(By.java:357)
	at org.openqa.selenium.remote.RemoteWebDriver.findElement(RemoteWebDriver.java:344)
	at com.quotations.NewQuotation.LoginTest(NewQuotation.java:93)
	at sun.reflect.NativeMethodAccessorImpl.invoke0(Native Method)
	at sun.reflect.NativeMethodAccessorImpl.invoke(Unknown Source)
	at sun.reflect.DelegatingMethodAccessorImpl.invoke(Unknown Source)
	at java.lang.reflect.Method.invoke(Unknown Source)
	at org.testng.internal.MethodInvocationHelper.invokeMethod(MethodInvocationHelper.java:84)
	at org.testng.internal.Invoker.invokeMethod(Invoker.java:714)
	at org.testng.internal.Invoker.invokeTestMethod(Invoker.java:901)
	at org.testng.internal.Invoker.invokeTestMethods(Invoker.java:1231)
	at org.testng.internal.TestMethodWorker.invokeTestMethods(TestMethodWorker.java:127)
	at org.testng.internal.TestMethodWorker.run(TestMethodWorker.java:111)
	at org.testng.TestRunner.privateRun(TestRunner.java:767)
	at org.testng.TestRunner.run(TestRunner.java:617)
	at org.testng.SuiteRunner.runTest(SuiteRunner.java:348)
	at org.testng.SuiteRunner.runSequentially(SuiteRunner.java:343)
	at org.testng.SuiteRunner.privateRun(SuiteRunner.java:305)
	at org.testng.SuiteRunner.run(SuiteRunner.java:254)
	at org.testng.SuiteRunnerWorker.runSuite(SuiteRunnerWorker.java:52)
	at org.testng.SuiteRunnerWorker.run(SuiteRunnerWorker.java:86)
	at org.testng.TestNG.runSuitesSequentially(TestNG.java:1224)
	at org.testng.TestNG.runSuitesLocally(TestNG.java:1149)
	at org.testng.TestNG.run(TestNG.java:1057)
	at org.testng.remote.AbstractRemoteTestNG.run(AbstractRemoteTestNG.java:126)
	at org.testng.remote.RemoteTestNG.initAndRun(RemoteTestNG.java:152)
	at org.testng.remote.RemoteTestNG.main(RemoteTestNG.java:57)
]]>
            </full-stacktrace>
          </exception> <!-- org.openqa.selenium.NoSuchWindowException -->
          <reporter-output>
          </reporter-output>
        </test-method> <!-- LoginTest -->
        <test-method status="FAIL" signature="LoginTest(java.lang.String, java.lang.String, java.lang.String, java.lang.String, java.lang.String, java.lang.String, java.lang.String, java.lang.String, java.lang.String, java.lang.String, java.lang.String, java.lang.String, java.lang.String, java.lang.String, java.lang.String, java.lang.String, java.lang.String, java.lang.String, java.lang.String, java.lang.String, java.lang.String, java.lang.String, java.lang.String, java.lang.String, java.lang.String, java.lang.String, java.lang.String, java.lang.String, java.lang.String, java.lang.String, java.lang.String, java.lang.String, java.lang.String, java.lang.String, java.lang.String, java.lang.String, java.lang.String, java.lang.String, java.lang.String, java.lang.String, java.lang.String, java.lang.String, java.lang.String, java.lang.String, java.lang.String, java.lang.String, java.lang.String, java.lang.String, java.lang.String, java.lang.String, java.lang.String, java.lang.String, java.lang.String, java.lang.String, java.lang.String, java.lang.String, java.lang.String)[pri:0, instance:com.quotations.NewQuotation@2b98378d]" name="LoginTest" duration-ms="21" started-at="2016-07-31T13:53:02Z" data-provider="dp1" finished-at="2016-07-31T13:53:02Z">
          <params>
            <param index="0">
              <value>
                <![CDATA[2.0]]>
              </value>
            </param>
            <param index="1">
              <value>
                <![CDATA[internal]]>
              </value>
            </param>
            <param index="2">
              <value>
                <![CDATA[syairulizam.shaharudin@axa.com.my]]>
              </value>
            </param>
            <param index="3">
              <value>
                <![CDATA[Gtomuattwo3]]>
              </value>
            </param>
            <param index="4">
              <value>
                <![CDATA[Private Car]]>
              </value>
            </param>
            <param index="5">
              <value>
                <![CDATA[Comprehensive]]>
              </value>
            </param>
            <param index="6">
              <value>
                <![CDATA[09445]]>
              </value>
            </param>
            <param index="7">
              <value>
                <![CDATA[Registered Car]]>
              </value>
            </param>
            <param index="8">
              <value>
                <![CDATA[Private Car-Private Use]]>
              </value>
            </param>
            <param index="9">
              <value>
                <![CDATA[KIA]]>
              </value>
            </param>
            <param index="10">
              <value>
                <![CDATA[SEPHIA]]>
              </value>
            </param>
            <param index="11">
              <value>
                <![CDATA[KIA SPORTAGE 2.0i A ModelChang]]>
              </value>
            </param>
            <param index="12">
              <value>
                <![CDATA[2010]]>
              </value>
            </param>
            <param index="13">
              <value>
                <![CDATA[1998]]>
              </value>
            </param>
            <param index="14">
              <value>
                <![CDATA[ABCDEFG]]>
              </value>
            </param>
            <param index="15">
              <value>
                <![CDATA[dsfds]]>
              </value>
            </param>
            <param index="16">
              <value>
                <![CDATA[West Malaysia]]>
              </value>
            </param>
            <param index="17">
              <value>
                <![CDATA[5]]>
              </value>
            </param>
            <param index="18">
              <value>
                <![CDATA[74900]]>
              </value>
            </param>
            <param index="19">
              <value>
                <![CDATA[Johor]]>
              </value>
            </param>
            <param index="20">
              <value>
                <![CDATA[ABC3746]]>
              </value>
            </param>
            <param index="21">
              <value>
                <![CDATA[DEF7464]]>
              </value>
            </param>
            <param index="22">
              <value>
                <![CDATA[Individual]]>
              </value>
            </param>
            <param index="23">
              <value>
                <![CDATA[Yes]]>
              </value>
            </param>
            <param index="24">
              <value>
                <![CDATA[GSHER73645]]>
              </value>
            </param>
            <param index="25">
              <value>
                <![CDATA[JSHYE345]]>
              </value>
            </param>
            <param index="26">
              <value>
                <![CDATA[Feb]]>
              </value>
            </param>
            <param index="27">
              <value>
                <![CDATA[12]]>
              </value>
            </param>
            <param index="28">
              <value>
                <![CDATA[1974]]>
              </value>
            </param>
            <param index="29">
              <value>
                <![CDATA[Yes]]>
              </value>
            </param>
            <param index="30">
              <value>
                <![CDATA[10]]>
              </value>
            </param>
            <param index="31">
              <value>
                <![CDATA[No]]>
              </value>
            </param>
            <param index="32">
              <value>
                <![CDATA[0]]>
              </value>
            </param>
            <param index="33">
              <value>
                <![CDATA[0]]>
              </value>
            </param>
            <param index="34">
              <value>
                <![CDATA[0]]>
              </value>
            </param>
            <param index="35">
              <value>
                <![CDATA[0]]>
              </value>
            </param>
            <param index="36">
              <value>
                <![CDATA[Jul]]>
              </value>
            </param>
            <param index="37">
              <value>
                <![CDATA[24]]>
              </value>
            </param>
            <param index="38">
              <value>
                <![CDATA[2016]]>
              </value>
            </param>
            <param index="39">
              <value>
                <![CDATA[CABRIOLET]]>
              </value>
            </param>
            <param index="40">
              <value>
                <![CDATA[123423]]>
              </value>
            </param>
            <param index="41">
              <value>
                <![CDATA[Parking Lot - Covered]]>
              </value>
            </param>
            <param index="42">
              <value>
                <![CDATA[Driver's Side Airbags(1)]]>
              </value>
            </param>
            <param index="43">
              <value>
                <![CDATA[(B) Alarm with Immobiliser]]>
              </value>
            </param>
            <param index="44">
              <value>
                <![CDATA[Male]]>
              </value>
            </param>
            <param index="45">
              <value>
                <![CDATA[MARRIED]]>
              </value>
            </param>
            <param index="46">
              <value>
                <![CDATA[Company Director]]>
              </value>
            </param>
            <param index="47">
              <value>
                <![CDATA[Andrew ]]>
              </value>
            </param>
            <param index="48">
              <value>
                <![CDATA[Andrew John]]>
              </value>
            </param>
            <param index="49">
              <value>
                <![CDATA[3421345432]]>
              </value>
            </param>
            <param index="50">
              <value>
                <![CDATA[andrew@gmail.com]]>
              </value>
            </param>
            <param index="51">
              <value>
                <![CDATA[23456]]>
              </value>
            </param>
            <param index="52">
              <value>
                <![CDATA[MALAYSIA]]>
              </value>
            </param>
            <param index="53">
              <value>
                <![CDATA[JOHOR]]>
              </value>
            </param>
            <param index="54">
              <value>
                <![CDATA[Johor State]]>
              </value>
            </param>
            <param index="55">
              <value>
                <![CDATA[Street1]]>
              </value>
            </param>
            <param index="56">
              <value>
                <![CDATA[Block1]]>
              </value>
            </param>
          </params>
          <exception class="org.openqa.selenium.NoSuchWindowException">
            <message>
              <![CDATA[no such window: target window already closed
from unknown error: web view not found
  (Session info: chrome=51.0.2704.106)
  (Driver info: chromedriver=2.21.371459 (36d3d07f660ff2bc1bf28a75d1cdabed0983e7c4),platform=Windows NT 10.0 x86_64) (WARNING: The server did not provide any stacktrace information)
Command duration or timeout: 14 milliseconds
Build info: version: '2.45.0', revision: '5017cb8e7ca8e37638dc3091b2440b90a1d8686f', time: '2015-02-27 09:10:26'
System info: host: 'user-PC', ip: '192.168.1.113', os.name: 'Windows 10', os.arch: 'amd64', os.version: '10.0', java.version: '1.8.0_91'
Driver info: org.openqa.selenium.chrome.ChromeDriver
Capabilities [{applicationCacheEnabled=false, rotatable=false, mobileEmulationEnabled=false, chrome={chromedriverVersion=2.21.371459 (36d3d07f660ff2bc1bf28a75d1cdabed0983e7c4), userDataDir=C:\temp\scoped_dir3924_8319}, takesHeapSnapshot=true, databaseEnabled=false, handlesAlerts=true, hasTouchScreen=false, version=51.0.2704.106, platform=XP, browserConnectionEnabled=false, nativeEvents=true, acceptSslCerts=true, locationContextEnabled=true, webStorageEnabled=true, browserName=chrome, takesScreenshot=true, javascriptEnabled=true, cssSelectorsEnabled=true}]
Session ID: adcc459b11486e963f446a94f4161dc6]]>
            </message>
            <full-stacktrace>
              <![CDATA[org.openqa.selenium.NoSuchWindowException: no such window: target window already closed
from unknown error: web view not found
  (Session info: chrome=51.0.2704.106)
  (Driver info: chromedriver=2.21.371459 (36d3d07f660ff2bc1bf28a75d1cdabed0983e7c4),platform=Windows NT 10.0 x86_64) (WARNING: The server did not provide any stacktrace information)
Command duration or timeout: 14 milliseconds
Build info: version: '2.45.0', revision: '5017cb8e7ca8e37638dc3091b2440b90a1d8686f', time: '2015-02-27 09:10:26'
System info: host: 'user-PC', ip: '192.168.1.113', os.name: 'Windows 10', os.arch: 'amd64', os.version: '10.0', java.version: '1.8.0_91'
Driver info: org.openqa.selenium.chrome.ChromeDriver
Capabilities [{applicationCacheEnabled=false, rotatable=false, mobileEmulationEnabled=false, chrome={chromedriverVersion=2.21.371459 (36d3d07f660ff2bc1bf28a75d1cdabed0983e7c4), userDataDir=C:\temp\scoped_dir3924_8319}, takesHeapSnapshot=true, databaseEnabled=false, handlesAlerts=true, hasTouchScreen=false, version=51.0.2704.106, platform=XP, browserConnectionEnabled=false, nativeEvents=true, acceptSslCerts=true, locationContextEnabled=true, webStorageEnabled=true, browserName=chrome, takesScreenshot=true, javascriptEnabled=true, cssSelectorsEnabled=true}]
Session ID: adcc459b11486e963f446a94f4161dc6
	at sun.reflect.NativeConstructorAccessorImpl.newInstance0(Native Method)
	at sun.reflect.NativeConstructorAccessorImpl.newInstance(Unknown Source)
	at sun.reflect.DelegatingConstructorAccessorImpl.newInstance(Unknown Source)
	at java.lang.reflect.Constructor.newInstance(Unknown Source)
	at org.openqa.selenium.remote.ErrorHandler.createThrowable(ErrorHandler.java:204)
	at org.openqa.selenium.remote.ErrorHandler.throwIfResponseFailed(ErrorHandler.java:156)
	at org.openqa.selenium.remote.RemoteWebDriver.execute(RemoteWebDriver.java:599)
	at org.openqa.selenium.remote.RemoteWebDriver.get(RemoteWebDriver.java:304)
	at com.quotations.NewQuotation.LoginTest(NewQuotation.java:85)
	at sun.reflect.NativeMethodAccessorImpl.invoke0(Native Method)
	at sun.reflect.NativeMethodAccessorImpl.invoke(Unknown Source)
	at sun.reflect.DelegatingMethodAccessorImpl.invoke(Unknown Source)
	at java.lang.reflect.Method.invoke(Unknown Source)
	at org.testng.internal.MethodInvocationHelper.invokeMethod(MethodInvocationHelper.java:84)
	at org.testng.internal.Invoker.invokeMethod(Invoker.java:714)
	at org.testng.internal.Invoker.invokeTestMethod(Invoker.java:901)
	at org.testng.internal.Invoker.invokeTestMethods(Invoker.java:1231)
	at org.testng.internal.TestMethodWorker.invokeTestMethods(TestMethodWorker.java:127)
	at org.testng.internal.TestMethodWorker.run(TestMethodWorker.java:111)
	at org.testng.TestRunner.privateRun(TestRunner.java:767)
	at org.testng.TestRunner.run(TestRunner.java:617)
	at org.testng.SuiteRunner.runTest(SuiteRunner.java:348)
	at org.testng.SuiteRunner.runSequentially(SuiteRunner.java:343)
	at org.testng.SuiteRunner.privateRun(SuiteRunner.java:305)
	at org.testng.SuiteRunner.run(SuiteRunner.java:254)
	at org.testng.SuiteRunnerWorker.runSuite(SuiteRunnerWorker.java:52)
	at org.testng.SuiteRunnerWorker.run(SuiteRunnerWorker.java:86)
	at org.testng.TestNG.runSuitesSequentially(TestNG.java:1224)
	at org.testng.TestNG.runSuitesLocally(TestNG.java:1149)
	at org.testng.TestNG.run(TestNG.java:1057)
	at org.testng.remote.AbstractRemoteTestNG.run(AbstractRemoteTestNG.java:126)
	at org.testng.remote.RemoteTestNG.initAndRun(RemoteTestNG.java:152)
	at org.testng.remote.RemoteTestNG.main(RemoteTestNG.java:57)
]]>
            </full-stacktrace>
          </exception> <!-- org.openqa.selenium.NoSuchWindowException -->
          <reporter-output>
          </reporter-output>
        </test-method> <!-- LoginTest -->
        <test-method status="PASS" signature="afterSignUp()[pri:0, instance:com.quotations.NewQuotation@2b98378d]" name="afterSignUp" is-config="true" duration-ms="1" started-at="2016-07-31T13:53:02Z" finished-at="2016-07-31T13:53:02Z">
          <reporter-output>
          </reporter-output>
        </test-method> <!-- afterSignUp -->
        <test-method status="PASS" signature="afterSuite()[pri:0, instance:com.quotations.NewQuotation@2b98378d]" name="afterSuite" is-config="true" duration-ms="0" started-at="2016-07-31T13:53:02Z" finished-at="2016-07-31T13:53:02Z">
          <reporter-output>
          </reporter-output>
        </test-method> <!-- afterSuite -->
      </class> <!-- com.quotations.NewQuotation -->
    </test> <!-- Default test -->
  </suite> <!-- Default suite -->
</testng-results>
